État 75 conflits: 1 décalage/réduction


Grammaire

    0 $accept: algorithm_list $end

    1 algorithm_list: algorithm_list algorithm
    2               | algorithm

    3 algorithm: TEXSCI_BEGIN '{' ID '}' variables BLANKLINE commandes TEXSCI_END

    4 variables: variables LOCAL '{' '$' variabledef '$' '}'
    5          | %empty

    6 variabledef: ID IN INTEGER
    7            | variabledef ',' ID IN INTEGER
    8            | ID IN INTEGER '^' '{' INT '}'
    9            | ID IN INTEGER '^' '{' INT MULT INT '}'

   10 commandes: commande commandes
   11          | %empty

   12 identifiant: '$' ID LEFTARROW expression '$'
   13            | '$' ID '_' '{' expression '}' LEFTARROW expression '$'
   14            | '$' ID '_' '{' expression ',' expression '}' LEFTARROW expression '$'
   15            | ID
   16            | ID '_' '{' expression '}'
   17            | ID '_' '{' expression ',' expression '}'

   18 commande: identifiant '\\' ';'
   19         | '$' MBOX '{' PRINT '(' '$' expression '$' ')' '}' '$' '\\' ';'
   20         | '$' MBOX '{' PRINTTEXT '(' '$' STRING '$' ')' '}' '$' '\\' ';'
   21         | '$' MBOX '{' PRINTLN '(' ')' '}' '$' '\\' ';'
   22         | TCC
   23         | IF '{' '$' conditions '$' '}' '{' commandes '}'
   24         | EIF '{' '$' conditions '$' '}' '{' commandes '}' '{' commandes '}'
   25         | WHILE '{' '$' conditions '$' '}' '{' commandes '}'
   26         | FOR '{' identifiant TO '$' expression '$' '}' '{' commandes '}'

   27 expression: INT
   28           | identifiant
   29           | expression PLUS expression
   30           | expression MINUS expression
   31           | MINUS expression
   32           | expression MULT expression
   33           | '(' expression ')'

   34 conditions: condition
   35           | '(' conditions ')'
   36           | NON conditions
   37           | conditions ET conditions
   38           | conditions OU conditions

   39 condition: expression
   40          | expression '=' expression
   41          | expression PLUSGRAND expression
   42          | expression PLUSPETIT expression
   43          | expression PLUSGRANDEG expression
   44          | expression PLUSPETITEG expression


Terminaux, suivis des règles où ils apparaissent

$end (0) 0
'$' (36) 4 12 13 14 19 20 21 23 24 25 26
'(' (40) 19 20 21 33 35
')' (41) 19 20 21 33 35
',' (44) 7 14 17
';' (59) 18 19 20 21
'=' (61) 40
'\\' (92) 18 19 20 21
'^' (94) 8 9
'_' (95) 13 14 16 17
'{' (123) 3 4 8 9 13 14 16 17 19 20 21 23 24 25 26
'}' (125) 3 4 8 9 13 14 16 17 19 20 21 23 24 25 26
error (256)
TEXSCI_BEGIN (258) 3
TEXSCI_END (259) 3
BLANKLINE (260) 3
MULT (261) 9 32
ID (262) 3 6 7 8 9 12 13 14 15 16 17
INT (263) 8 9 27
STRING (264) 20
IN (265) 6 7 8 9
INTEGER (266) 6 7 8 9
LOCAL (267) 4
PLUS (268) 29
MINUS (269) 30 31
IF (270) 23
EIF (271) 24
WHILE (272) 25
FOR (273) 26
TO (274) 26
TCC (275) 22
NON (276) 36
ET (277) 37
OU (278) 38
PLUSGRAND (279) 41
PLUSPETIT (280) 42
PLUSGRANDEG (281) 43
PLUSPETITEG (282) 44
LEFTARROW (283) 12 13 14
MBOX (284) 19 20 21
PRINT (285) 19
PRINTTEXT (286) 20
PRINTLN (287) 21


Non-terminaux, suivis des règles où ils apparaissent

$accept (44)
    à gauche: 0
algorithm_list (45)
    à gauche: 1 2, à droite: 0 1
algorithm (46)
    à gauche: 3, à droite: 1 2
variables (47)
    à gauche: 4 5, à droite: 3 4
variabledef (48)
    à gauche: 6 7 8 9, à droite: 4 7
commandes (49)
    à gauche: 10 11, à droite: 3 10 23 24 25 26
identifiant (50)
    à gauche: 12 13 14 15 16 17, à droite: 18 26 28
commande (51)
    à gauche: 18 19 20 21 22 23 24 25 26, à droite: 10
expression (52)
    à gauche: 27 28 29 30 31 32 33, à droite: 12 13 14 16 17 19 26
    29 30 31 32 33 39 40 41 42 43 44
conditions (53)
    à gauche: 34 35 36 37 38, à droite: 23 24 25 35 36 37 38
condition (54)
    à gauche: 39 40 41 42 43 44, à droite: 34


État 0

    0 $accept: . algorithm_list $end

    TEXSCI_BEGIN  décalage et aller à l'état 1

    algorithm_list  aller à l'état 2
    algorithm       aller à l'état 3


État 1

    3 algorithm: TEXSCI_BEGIN . '{' ID '}' variables BLANKLINE commandes TEXSCI_END

    '{'  décalage et aller à l'état 4


État 2

    0 $accept: algorithm_list . $end
    1 algorithm_list: algorithm_list . algorithm

    $end          décalage et aller à l'état 5
    TEXSCI_BEGIN  décalage et aller à l'état 1

    algorithm  aller à l'état 6


État 3

    2 algorithm_list: algorithm .

    $défaut  réduction par utilisation de la règle 2 (algorithm_list)


État 4

    3 algorithm: TEXSCI_BEGIN '{' . ID '}' variables BLANKLINE commandes TEXSCI_END

    ID  décalage et aller à l'état 7


État 5

    0 $accept: algorithm_list $end .

    $défaut  accepter


État 6

    1 algorithm_list: algorithm_list algorithm .

    $défaut  réduction par utilisation de la règle 1 (algorithm_list)


État 7

    3 algorithm: TEXSCI_BEGIN '{' ID . '}' variables BLANKLINE commandes TEXSCI_END

    '}'  décalage et aller à l'état 8


État 8

    3 algorithm: TEXSCI_BEGIN '{' ID '}' . variables BLANKLINE commandes TEXSCI_END

    $défaut  réduction par utilisation de la règle 5 (variables)

    variables  aller à l'état 9


État 9

    3 algorithm: TEXSCI_BEGIN '{' ID '}' variables . BLANKLINE commandes TEXSCI_END
    4 variables: variables . LOCAL '{' '$' variabledef '$' '}'

    BLANKLINE  décalage et aller à l'état 10
    LOCAL      décalage et aller à l'état 11


État 10

    3 algorithm: TEXSCI_BEGIN '{' ID '}' variables BLANKLINE . commandes TEXSCI_END

    ID     décalage et aller à l'état 12
    IF     décalage et aller à l'état 13
    EIF    décalage et aller à l'état 14
    WHILE  décalage et aller à l'état 15
    FOR    décalage et aller à l'état 16
    TCC    décalage et aller à l'état 17
    '$'    décalage et aller à l'état 18

    $défaut  réduction par utilisation de la règle 11 (commandes)

    commandes    aller à l'état 19
    identifiant  aller à l'état 20
    commande     aller à l'état 21


État 11

    4 variables: variables LOCAL . '{' '$' variabledef '$' '}'

    '{'  décalage et aller à l'état 22


État 12

   15 identifiant: ID .
   16            | ID . '_' '{' expression '}'
   17            | ID . '_' '{' expression ',' expression '}'

    '_'  décalage et aller à l'état 23

    $défaut  réduction par utilisation de la règle 15 (identifiant)


État 13

   23 commande: IF . '{' '$' conditions '$' '}' '{' commandes '}'

    '{'  décalage et aller à l'état 24


État 14

   24 commande: EIF . '{' '$' conditions '$' '}' '{' commandes '}' '{' commandes '}'

    '{'  décalage et aller à l'état 25


État 15

   25 commande: WHILE . '{' '$' conditions '$' '}' '{' commandes '}'

    '{'  décalage et aller à l'état 26


État 16

   26 commande: FOR . '{' identifiant TO '$' expression '$' '}' '{' commandes '}'

    '{'  décalage et aller à l'état 27


État 17

   22 commande: TCC .

    $défaut  réduction par utilisation de la règle 22 (commande)


État 18

   12 identifiant: '$' . ID LEFTARROW expression '$'
   13            | '$' . ID '_' '{' expression '}' LEFTARROW expression '$'
   14            | '$' . ID '_' '{' expression ',' expression '}' LEFTARROW expression '$'
   19 commande: '$' . MBOX '{' PRINT '(' '$' expression '$' ')' '}' '$' '\\' ';'
   20         | '$' . MBOX '{' PRINTTEXT '(' '$' STRING '$' ')' '}' '$' '\\' ';'
   21         | '$' . MBOX '{' PRINTLN '(' ')' '}' '$' '\\' ';'

    ID    décalage et aller à l'état 28
    MBOX  décalage et aller à l'état 29


État 19

    3 algorithm: TEXSCI_BEGIN '{' ID '}' variables BLANKLINE commandes . TEXSCI_END

    TEXSCI_END  décalage et aller à l'état 30


État 20

   18 commande: identifiant . '\\' ';'

    '\\'  décalage et aller à l'état 31


État 21

   10 commandes: commande . commandes

    ID     décalage et aller à l'état 12
    IF     décalage et aller à l'état 13
    EIF    décalage et aller à l'état 14
    WHILE  décalage et aller à l'état 15
    FOR    décalage et aller à l'état 16
    TCC    décalage et aller à l'état 17
    '$'    décalage et aller à l'état 18

    $défaut  réduction par utilisation de la règle 11 (commandes)

    commandes    aller à l'état 32
    identifiant  aller à l'état 20
    commande     aller à l'état 21


État 22

    4 variables: variables LOCAL '{' . '$' variabledef '$' '}'

    '$'  décalage et aller à l'état 33


État 23

   16 identifiant: ID '_' . '{' expression '}'
   17            | ID '_' . '{' expression ',' expression '}'

    '{'  décalage et aller à l'état 34


État 24

   23 commande: IF '{' . '$' conditions '$' '}' '{' commandes '}'

    '$'  décalage et aller à l'état 35


État 25

   24 commande: EIF '{' . '$' conditions '$' '}' '{' commandes '}' '{' commandes '}'

    '$'  décalage et aller à l'état 36


État 26

   25 commande: WHILE '{' . '$' conditions '$' '}' '{' commandes '}'

    '$'  décalage et aller à l'état 37


État 27

   26 commande: FOR '{' . identifiant TO '$' expression '$' '}' '{' commandes '}'

    ID   décalage et aller à l'état 12
    '$'  décalage et aller à l'état 38

    identifiant  aller à l'état 39


État 28

   12 identifiant: '$' ID . LEFTARROW expression '$'
   13            | '$' ID . '_' '{' expression '}' LEFTARROW expression '$'
   14            | '$' ID . '_' '{' expression ',' expression '}' LEFTARROW expression '$'

    LEFTARROW  décalage et aller à l'état 40
    '_'        décalage et aller à l'état 41


État 29

   19 commande: '$' MBOX . '{' PRINT '(' '$' expression '$' ')' '}' '$' '\\' ';'
   20         | '$' MBOX . '{' PRINTTEXT '(' '$' STRING '$' ')' '}' '$' '\\' ';'
   21         | '$' MBOX . '{' PRINTLN '(' ')' '}' '$' '\\' ';'

    '{'  décalage et aller à l'état 42


État 30

    3 algorithm: TEXSCI_BEGIN '{' ID '}' variables BLANKLINE commandes TEXSCI_END .

    $défaut  réduction par utilisation de la règle 3 (algorithm)


État 31

   18 commande: identifiant '\\' . ';'

    ';'  décalage et aller à l'état 43


État 32

   10 commandes: commande commandes .

    $défaut  réduction par utilisation de la règle 10 (commandes)


État 33

    4 variables: variables LOCAL '{' '$' . variabledef '$' '}'

    ID  décalage et aller à l'état 44

    variabledef  aller à l'état 45


État 34

   16 identifiant: ID '_' '{' . expression '}'
   17            | ID '_' '{' . expression ',' expression '}'

    ID     décalage et aller à l'état 12
    INT    décalage et aller à l'état 46
    MINUS  décalage et aller à l'état 47
    '$'    décalage et aller à l'état 38
    '('    décalage et aller à l'état 48

    identifiant  aller à l'état 49
    expression   aller à l'état 50


État 35

   23 commande: IF '{' '$' . conditions '$' '}' '{' commandes '}'

    ID     décalage et aller à l'état 12
    INT    décalage et aller à l'état 46
    MINUS  décalage et aller à l'état 47
    NON    décalage et aller à l'état 51
    '$'    décalage et aller à l'état 38
    '('    décalage et aller à l'état 52

    identifiant  aller à l'état 49
    expression   aller à l'état 53
    conditions   aller à l'état 54
    condition    aller à l'état 55


État 36

   24 commande: EIF '{' '$' . conditions '$' '}' '{' commandes '}' '{' commandes '}'

    ID     décalage et aller à l'état 12
    INT    décalage et aller à l'état 46
    MINUS  décalage et aller à l'état 47
    NON    décalage et aller à l'état 51
    '$'    décalage et aller à l'état 38
    '('    décalage et aller à l'état 52

    identifiant  aller à l'état 49
    expression   aller à l'état 53
    conditions   aller à l'état 56
    condition    aller à l'état 55


État 37

   25 commande: WHILE '{' '$' . conditions '$' '}' '{' commandes '}'

    ID     décalage et aller à l'état 12
    INT    décalage et aller à l'état 46
    MINUS  décalage et aller à l'état 47
    NON    décalage et aller à l'état 51
    '$'    décalage et aller à l'état 38
    '('    décalage et aller à l'état 52

    identifiant  aller à l'état 49
    expression   aller à l'état 53
    conditions   aller à l'état 57
    condition    aller à l'état 55


État 38

   12 identifiant: '$' . ID LEFTARROW expression '$'
   13            | '$' . ID '_' '{' expression '}' LEFTARROW expression '$'
   14            | '$' . ID '_' '{' expression ',' expression '}' LEFTARROW expression '$'

    ID  décalage et aller à l'état 28


État 39

   26 commande: FOR '{' identifiant . TO '$' expression '$' '}' '{' commandes '}'

    TO  décalage et aller à l'état 58


État 40

   12 identifiant: '$' ID LEFTARROW . expression '$'

    ID     décalage et aller à l'état 12
    INT    décalage et aller à l'état 46
    MINUS  décalage et aller à l'état 47
    '$'    décalage et aller à l'état 38
    '('    décalage et aller à l'état 48

    identifiant  aller à l'état 49
    expression   aller à l'état 59


État 41

   13 identifiant: '$' ID '_' . '{' expression '}' LEFTARROW expression '$'
   14            | '$' ID '_' . '{' expression ',' expression '}' LEFTARROW expression '$'

    '{'  décalage et aller à l'état 60


État 42

   19 commande: '$' MBOX '{' . PRINT '(' '$' expression '$' ')' '}' '$' '\\' ';'
   20         | '$' MBOX '{' . PRINTTEXT '(' '$' STRING '$' ')' '}' '$' '\\' ';'
   21         | '$' MBOX '{' . PRINTLN '(' ')' '}' '$' '\\' ';'

    PRINT      décalage et aller à l'état 61
    PRINTTEXT  décalage et aller à l'état 62
    PRINTLN    décalage et aller à l'état 63


État 43

   18 commande: identifiant '\\' ';' .

    $défaut  réduction par utilisation de la règle 18 (commande)


État 44

    6 variabledef: ID . IN INTEGER
    8            | ID . IN INTEGER '^' '{' INT '}'
    9            | ID . IN INTEGER '^' '{' INT MULT INT '}'

    IN  décalage et aller à l'état 64


État 45

    4 variables: variables LOCAL '{' '$' variabledef . '$' '}'
    7 variabledef: variabledef . ',' ID IN INTEGER

    '$'  décalage et aller à l'état 65
    ','  décalage et aller à l'état 66


État 46

   27 expression: INT .

    $défaut  réduction par utilisation de la règle 27 (expression)


État 47

   31 expression: MINUS . expression

    ID     décalage et aller à l'état 12
    INT    décalage et aller à l'état 46
    MINUS  décalage et aller à l'état 47
    '$'    décalage et aller à l'état 38
    '('    décalage et aller à l'état 48

    identifiant  aller à l'état 49
    expression   aller à l'état 67


État 48

   33 expression: '(' . expression ')'

    ID     décalage et aller à l'état 12
    INT    décalage et aller à l'état 46
    MINUS  décalage et aller à l'état 47
    '$'    décalage et aller à l'état 38
    '('    décalage et aller à l'état 48

    identifiant  aller à l'état 49
    expression   aller à l'état 68


État 49

   28 expression: identifiant .

    $défaut  réduction par utilisation de la règle 28 (expression)


État 50

   16 identifiant: ID '_' '{' expression . '}'
   17            | ID '_' '{' expression . ',' expression '}'
   29 expression: expression . PLUS expression
   30           | expression . MINUS expression
   32           | expression . MULT expression

    MULT   décalage et aller à l'état 69
    PLUS   décalage et aller à l'état 70
    MINUS  décalage et aller à l'état 71
    '}'    décalage et aller à l'état 72
    ','    décalage et aller à l'état 73


État 51

   36 conditions: NON . conditions

    ID     décalage et aller à l'état 12
    INT    décalage et aller à l'état 46
    MINUS  décalage et aller à l'état 47
    NON    décalage et aller à l'état 51
    '$'    décalage et aller à l'état 38
    '('    décalage et aller à l'état 52

    identifiant  aller à l'état 49
    expression   aller à l'état 53
    conditions   aller à l'état 74
    condition    aller à l'état 55


État 52

   33 expression: '(' . expression ')'
   35 conditions: '(' . conditions ')'

    ID     décalage et aller à l'état 12
    INT    décalage et aller à l'état 46
    MINUS  décalage et aller à l'état 47
    NON    décalage et aller à l'état 51
    '$'    décalage et aller à l'état 38
    '('    décalage et aller à l'état 52

    identifiant  aller à l'état 49
    expression   aller à l'état 75
    conditions   aller à l'état 76
    condition    aller à l'état 55


État 53

   29 expression: expression . PLUS expression
   30           | expression . MINUS expression
   32           | expression . MULT expression
   39 condition: expression .
   40          | expression . '=' expression
   41          | expression . PLUSGRAND expression
   42          | expression . PLUSPETIT expression
   43          | expression . PLUSGRANDEG expression
   44          | expression . PLUSPETITEG expression

    MULT         décalage et aller à l'état 69
    PLUS         décalage et aller à l'état 70
    MINUS        décalage et aller à l'état 71
    PLUSGRAND    décalage et aller à l'état 77
    PLUSPETIT    décalage et aller à l'état 78
    PLUSGRANDEG  décalage et aller à l'état 79
    PLUSPETITEG  décalage et aller à l'état 80
    '='          décalage et aller à l'état 81

    $défaut  réduction par utilisation de la règle 39 (condition)


État 54

   23 commande: IF '{' '$' conditions . '$' '}' '{' commandes '}'
   37 conditions: conditions . ET conditions
   38           | conditions . OU conditions

    ET   décalage et aller à l'état 82
    OU   décalage et aller à l'état 83
    '$'  décalage et aller à l'état 84


État 55

   34 conditions: condition .

    $défaut  réduction par utilisation de la règle 34 (conditions)


État 56

   24 commande: EIF '{' '$' conditions . '$' '}' '{' commandes '}' '{' commandes '}'
   37 conditions: conditions . ET conditions
   38           | conditions . OU conditions

    ET   décalage et aller à l'état 82
    OU   décalage et aller à l'état 83
    '$'  décalage et aller à l'état 85


État 57

   25 commande: WHILE '{' '$' conditions . '$' '}' '{' commandes '}'
   37 conditions: conditions . ET conditions
   38           | conditions . OU conditions

    ET   décalage et aller à l'état 82
    OU   décalage et aller à l'état 83
    '$'  décalage et aller à l'état 86


État 58

   26 commande: FOR '{' identifiant TO . '$' expression '$' '}' '{' commandes '}'

    '$'  décalage et aller à l'état 87


État 59

   12 identifiant: '$' ID LEFTARROW expression . '$'
   29 expression: expression . PLUS expression
   30           | expression . MINUS expression
   32           | expression . MULT expression

    MULT   décalage et aller à l'état 69
    PLUS   décalage et aller à l'état 70
    MINUS  décalage et aller à l'état 71
    '$'    décalage et aller à l'état 88


État 60

   13 identifiant: '$' ID '_' '{' . expression '}' LEFTARROW expression '$'
   14            | '$' ID '_' '{' . expression ',' expression '}' LEFTARROW expression '$'

    ID     décalage et aller à l'état 12
    INT    décalage et aller à l'état 46
    MINUS  décalage et aller à l'état 47
    '$'    décalage et aller à l'état 38
    '('    décalage et aller à l'état 48

    identifiant  aller à l'état 49
    expression   aller à l'état 89


État 61

   19 commande: '$' MBOX '{' PRINT . '(' '$' expression '$' ')' '}' '$' '\\' ';'

    '('  décalage et aller à l'état 90


État 62

   20 commande: '$' MBOX '{' PRINTTEXT . '(' '$' STRING '$' ')' '}' '$' '\\' ';'

    '('  décalage et aller à l'état 91


État 63

   21 commande: '$' MBOX '{' PRINTLN . '(' ')' '}' '$' '\\' ';'

    '('  décalage et aller à l'état 92


État 64

    6 variabledef: ID IN . INTEGER
    8            | ID IN . INTEGER '^' '{' INT '}'
    9            | ID IN . INTEGER '^' '{' INT MULT INT '}'

    INTEGER  décalage et aller à l'état 93


État 65

    4 variables: variables LOCAL '{' '$' variabledef '$' . '}'

    '}'  décalage et aller à l'état 94


État 66

    7 variabledef: variabledef ',' . ID IN INTEGER

    ID  décalage et aller à l'état 95


État 67

   29 expression: expression . PLUS expression
   30           | expression . MINUS expression
   31           | MINUS expression .
   32           | expression . MULT expression

    $défaut  réduction par utilisation de la règle 31 (expression)


État 68

   29 expression: expression . PLUS expression
   30           | expression . MINUS expression
   32           | expression . MULT expression
   33           | '(' expression . ')'

    MULT   décalage et aller à l'état 69
    PLUS   décalage et aller à l'état 70
    MINUS  décalage et aller à l'état 71
    ')'    décalage et aller à l'état 96


État 69

   32 expression: expression MULT . expression

    ID     décalage et aller à l'état 12
    INT    décalage et aller à l'état 46
    MINUS  décalage et aller à l'état 47
    '$'    décalage et aller à l'état 38
    '('    décalage et aller à l'état 48

    identifiant  aller à l'état 49
    expression   aller à l'état 97


État 70

   29 expression: expression PLUS . expression

    ID     décalage et aller à l'état 12
    INT    décalage et aller à l'état 46
    MINUS  décalage et aller à l'état 47
    '$'    décalage et aller à l'état 38
    '('    décalage et aller à l'état 48

    identifiant  aller à l'état 49
    expression   aller à l'état 98


État 71

   30 expression: expression MINUS . expression

    ID     décalage et aller à l'état 12
    INT    décalage et aller à l'état 46
    MINUS  décalage et aller à l'état 47
    '$'    décalage et aller à l'état 38
    '('    décalage et aller à l'état 48

    identifiant  aller à l'état 49
    expression   aller à l'état 99


État 72

   16 identifiant: ID '_' '{' expression '}' .

    $défaut  réduction par utilisation de la règle 16 (identifiant)


État 73

   17 identifiant: ID '_' '{' expression ',' . expression '}'

    ID     décalage et aller à l'état 12
    INT    décalage et aller à l'état 46
    MINUS  décalage et aller à l'état 47
    '$'    décalage et aller à l'état 38
    '('    décalage et aller à l'état 48

    identifiant  aller à l'état 49
    expression   aller à l'état 100


État 74

   36 conditions: NON conditions .
   37           | conditions . ET conditions
   38           | conditions . OU conditions

    $défaut  réduction par utilisation de la règle 36 (conditions)


État 75

   29 expression: expression . PLUS expression
   30           | expression . MINUS expression
   32           | expression . MULT expression
   33           | '(' expression . ')'
   39 condition: expression .
   40          | expression . '=' expression
   41          | expression . PLUSGRAND expression
   42          | expression . PLUSPETIT expression
   43          | expression . PLUSGRANDEG expression
   44          | expression . PLUSPETITEG expression

    MULT         décalage et aller à l'état 69
    PLUS         décalage et aller à l'état 70
    MINUS        décalage et aller à l'état 71
    PLUSGRAND    décalage et aller à l'état 77
    PLUSPETIT    décalage et aller à l'état 78
    PLUSGRANDEG  décalage et aller à l'état 79
    PLUSPETITEG  décalage et aller à l'état 80
    ')'          décalage et aller à l'état 96
    '='          décalage et aller à l'état 81

    ')'       [réduction par utilisation de la règle 39 (condition)]
    $défaut  réduction par utilisation de la règle 39 (condition)


État 76

   35 conditions: '(' conditions . ')'
   37           | conditions . ET conditions
   38           | conditions . OU conditions

    ET   décalage et aller à l'état 82
    OU   décalage et aller à l'état 83
    ')'  décalage et aller à l'état 101


État 77

   41 condition: expression PLUSGRAND . expression

    ID     décalage et aller à l'état 12
    INT    décalage et aller à l'état 46
    MINUS  décalage et aller à l'état 47
    '$'    décalage et aller à l'état 38
    '('    décalage et aller à l'état 48

    identifiant  aller à l'état 49
    expression   aller à l'état 102


État 78

   42 condition: expression PLUSPETIT . expression

    ID     décalage et aller à l'état 12
    INT    décalage et aller à l'état 46
    MINUS  décalage et aller à l'état 47
    '$'    décalage et aller à l'état 38
    '('    décalage et aller à l'état 48

    identifiant  aller à l'état 49
    expression   aller à l'état 103


État 79

   43 condition: expression PLUSGRANDEG . expression

    ID     décalage et aller à l'état 12
    INT    décalage et aller à l'état 46
    MINUS  décalage et aller à l'état 47
    '$'    décalage et aller à l'état 38
    '('    décalage et aller à l'état 48

    identifiant  aller à l'état 49
    expression   aller à l'état 104


État 80

   44 condition: expression PLUSPETITEG . expression

    ID     décalage et aller à l'état 12
    INT    décalage et aller à l'état 46
    MINUS  décalage et aller à l'état 47
    '$'    décalage et aller à l'état 38
    '('    décalage et aller à l'état 48

    identifiant  aller à l'état 49
    expression   aller à l'état 105


État 81

   40 condition: expression '=' . expression

    ID     décalage et aller à l'état 12
    INT    décalage et aller à l'état 46
    MINUS  décalage et aller à l'état 47
    '$'    décalage et aller à l'état 38
    '('    décalage et aller à l'état 48

    identifiant  aller à l'état 49
    expression   aller à l'état 106


État 82

   37 conditions: conditions ET . conditions

    ID     décalage et aller à l'état 12
    INT    décalage et aller à l'état 46
    MINUS  décalage et aller à l'état 47
    NON    décalage et aller à l'état 51
    '$'    décalage et aller à l'état 38
    '('    décalage et aller à l'état 52

    identifiant  aller à l'état 49
    expression   aller à l'état 53
    conditions   aller à l'état 107
    condition    aller à l'état 55


État 83

   38 conditions: conditions OU . conditions

    ID     décalage et aller à l'état 12
    INT    décalage et aller à l'état 46
    MINUS  décalage et aller à l'état 47
    NON    décalage et aller à l'état 51
    '$'    décalage et aller à l'état 38
    '('    décalage et aller à l'état 52

    identifiant  aller à l'état 49
    expression   aller à l'état 53
    conditions   aller à l'état 108
    condition    aller à l'état 55


État 84

   23 commande: IF '{' '$' conditions '$' . '}' '{' commandes '}'

    '}'  décalage et aller à l'état 109


État 85

   24 commande: EIF '{' '$' conditions '$' . '}' '{' commandes '}' '{' commandes '}'

    '}'  décalage et aller à l'état 110


État 86

   25 commande: WHILE '{' '$' conditions '$' . '}' '{' commandes '}'

    '}'  décalage et aller à l'état 111


État 87

   26 commande: FOR '{' identifiant TO '$' . expression '$' '}' '{' commandes '}'

    ID     décalage et aller à l'état 12
    INT    décalage et aller à l'état 46
    MINUS  décalage et aller à l'état 47
    '$'    décalage et aller à l'état 38
    '('    décalage et aller à l'état 48

    identifiant  aller à l'état 49
    expression   aller à l'état 112


État 88

   12 identifiant: '$' ID LEFTARROW expression '$' .

    $défaut  réduction par utilisation de la règle 12 (identifiant)


État 89

   13 identifiant: '$' ID '_' '{' expression . '}' LEFTARROW expression '$'
   14            | '$' ID '_' '{' expression . ',' expression '}' LEFTARROW expression '$'
   29 expression: expression . PLUS expression
   30           | expression . MINUS expression
   32           | expression . MULT expression

    MULT   décalage et aller à l'état 69
    PLUS   décalage et aller à l'état 70
    MINUS  décalage et aller à l'état 71
    '}'    décalage et aller à l'état 113
    ','    décalage et aller à l'état 114


État 90

   19 commande: '$' MBOX '{' PRINT '(' . '$' expression '$' ')' '}' '$' '\\' ';'

    '$'  décalage et aller à l'état 115


État 91

   20 commande: '$' MBOX '{' PRINTTEXT '(' . '$' STRING '$' ')' '}' '$' '\\' ';'

    '$'  décalage et aller à l'état 116


État 92

   21 commande: '$' MBOX '{' PRINTLN '(' . ')' '}' '$' '\\' ';'

    ')'  décalage et aller à l'état 117


État 93

    6 variabledef: ID IN INTEGER .
    8            | ID IN INTEGER . '^' '{' INT '}'
    9            | ID IN INTEGER . '^' '{' INT MULT INT '}'

    '^'  décalage et aller à l'état 118

    $défaut  réduction par utilisation de la règle 6 (variabledef)


État 94

    4 variables: variables LOCAL '{' '$' variabledef '$' '}' .

    $défaut  réduction par utilisation de la règle 4 (variables)


État 95

    7 variabledef: variabledef ',' ID . IN INTEGER

    IN  décalage et aller à l'état 119


État 96

   33 expression: '(' expression ')' .

    $défaut  réduction par utilisation de la règle 33 (expression)


État 97

   29 expression: expression . PLUS expression
   30           | expression . MINUS expression
   32           | expression . MULT expression
   32           | expression MULT expression .

    $défaut  réduction par utilisation de la règle 32 (expression)


État 98

   29 expression: expression . PLUS expression
   29           | expression PLUS expression .
   30           | expression . MINUS expression
   32           | expression . MULT expression

    $défaut  réduction par utilisation de la règle 29 (expression)


État 99

   29 expression: expression . PLUS expression
   30           | expression . MINUS expression
   30           | expression MINUS expression .
   32           | expression . MULT expression

    $défaut  réduction par utilisation de la règle 30 (expression)


État 100

   17 identifiant: ID '_' '{' expression ',' expression . '}'
   29 expression: expression . PLUS expression
   30           | expression . MINUS expression
   32           | expression . MULT expression

    MULT   décalage et aller à l'état 69
    PLUS   décalage et aller à l'état 70
    MINUS  décalage et aller à l'état 71
    '}'    décalage et aller à l'état 120


État 101

   35 conditions: '(' conditions ')' .

    $défaut  réduction par utilisation de la règle 35 (conditions)


État 102

   29 expression: expression . PLUS expression
   30           | expression . MINUS expression
   32           | expression . MULT expression
   41 condition: expression PLUSGRAND expression .

    MULT   décalage et aller à l'état 69
    PLUS   décalage et aller à l'état 70
    MINUS  décalage et aller à l'état 71

    $défaut  réduction par utilisation de la règle 41 (condition)


État 103

   29 expression: expression . PLUS expression
   30           | expression . MINUS expression
   32           | expression . MULT expression
   42 condition: expression PLUSPETIT expression .

    MULT   décalage et aller à l'état 69
    PLUS   décalage et aller à l'état 70
    MINUS  décalage et aller à l'état 71

    $défaut  réduction par utilisation de la règle 42 (condition)


État 104

   29 expression: expression . PLUS expression
   30           | expression . MINUS expression
   32           | expression . MULT expression
   43 condition: expression PLUSGRANDEG expression .

    MULT   décalage et aller à l'état 69
    PLUS   décalage et aller à l'état 70
    MINUS  décalage et aller à l'état 71

    $défaut  réduction par utilisation de la règle 43 (condition)


État 105

   29 expression: expression . PLUS expression
   30           | expression . MINUS expression
   32           | expression . MULT expression
   44 condition: expression PLUSPETITEG expression .

    MULT   décalage et aller à l'état 69
    PLUS   décalage et aller à l'état 70
    MINUS  décalage et aller à l'état 71

    $défaut  réduction par utilisation de la règle 44 (condition)


État 106

   29 expression: expression . PLUS expression
   30           | expression . MINUS expression
   32           | expression . MULT expression
   40 condition: expression '=' expression .

    MULT   décalage et aller à l'état 69
    PLUS   décalage et aller à l'état 70
    MINUS  décalage et aller à l'état 71

    $défaut  réduction par utilisation de la règle 40 (condition)


État 107

   37 conditions: conditions . ET conditions
   37           | conditions ET conditions .
   38           | conditions . OU conditions

    $défaut  réduction par utilisation de la règle 37 (conditions)


État 108

   37 conditions: conditions . ET conditions
   38           | conditions . OU conditions
   38           | conditions OU conditions .

    $défaut  réduction par utilisation de la règle 38 (conditions)


État 109

   23 commande: IF '{' '$' conditions '$' '}' . '{' commandes '}'

    '{'  décalage et aller à l'état 121


État 110

   24 commande: EIF '{' '$' conditions '$' '}' . '{' commandes '}' '{' commandes '}'

    '{'  décalage et aller à l'état 122


État 111

   25 commande: WHILE '{' '$' conditions '$' '}' . '{' commandes '}'

    '{'  décalage et aller à l'état 123


État 112

   26 commande: FOR '{' identifiant TO '$' expression . '$' '}' '{' commandes '}'
   29 expression: expression . PLUS expression
   30           | expression . MINUS expression
   32           | expression . MULT expression

    MULT   décalage et aller à l'état 69
    PLUS   décalage et aller à l'état 70
    MINUS  décalage et aller à l'état 71
    '$'    décalage et aller à l'état 124


État 113

   13 identifiant: '$' ID '_' '{' expression '}' . LEFTARROW expression '$'

    LEFTARROW  décalage et aller à l'état 125


État 114

   14 identifiant: '$' ID '_' '{' expression ',' . expression '}' LEFTARROW expression '$'

    ID     décalage et aller à l'état 12
    INT    décalage et aller à l'état 46
    MINUS  décalage et aller à l'état 47
    '$'    décalage et aller à l'état 38
    '('    décalage et aller à l'état 48

    identifiant  aller à l'état 49
    expression   aller à l'état 126


État 115

   19 commande: '$' MBOX '{' PRINT '(' '$' . expression '$' ')' '}' '$' '\\' ';'

    ID     décalage et aller à l'état 12
    INT    décalage et aller à l'état 46
    MINUS  décalage et aller à l'état 47
    '$'    décalage et aller à l'état 38
    '('    décalage et aller à l'état 48

    identifiant  aller à l'état 49
    expression   aller à l'état 127


État 116

   20 commande: '$' MBOX '{' PRINTTEXT '(' '$' . STRING '$' ')' '}' '$' '\\' ';'

    STRING  décalage et aller à l'état 128


État 117

   21 commande: '$' MBOX '{' PRINTLN '(' ')' . '}' '$' '\\' ';'

    '}'  décalage et aller à l'état 129


État 118

    8 variabledef: ID IN INTEGER '^' . '{' INT '}'
    9            | ID IN INTEGER '^' . '{' INT MULT INT '}'

    '{'  décalage et aller à l'état 130


État 119

    7 variabledef: variabledef ',' ID IN . INTEGER

    INTEGER  décalage et aller à l'état 131


État 120

   17 identifiant: ID '_' '{' expression ',' expression '}' .

    $défaut  réduction par utilisation de la règle 17 (identifiant)


État 121

   23 commande: IF '{' '$' conditions '$' '}' '{' . commandes '}'

    ID     décalage et aller à l'état 12
    IF     décalage et aller à l'état 13
    EIF    décalage et aller à l'état 14
    WHILE  décalage et aller à l'état 15
    FOR    décalage et aller à l'état 16
    TCC    décalage et aller à l'état 17
    '$'    décalage et aller à l'état 18

    $défaut  réduction par utilisation de la règle 11 (commandes)

    commandes    aller à l'état 132
    identifiant  aller à l'état 20
    commande     aller à l'état 21


État 122

   24 commande: EIF '{' '$' conditions '$' '}' '{' . commandes '}' '{' commandes '}'

    ID     décalage et aller à l'état 12
    IF     décalage et aller à l'état 13
    EIF    décalage et aller à l'état 14
    WHILE  décalage et aller à l'état 15
    FOR    décalage et aller à l'état 16
    TCC    décalage et aller à l'état 17
    '$'    décalage et aller à l'état 18

    $défaut  réduction par utilisation de la règle 11 (commandes)

    commandes    aller à l'état 133
    identifiant  aller à l'état 20
    commande     aller à l'état 21


État 123

   25 commande: WHILE '{' '$' conditions '$' '}' '{' . commandes '}'

    ID     décalage et aller à l'état 12
    IF     décalage et aller à l'état 13
    EIF    décalage et aller à l'état 14
    WHILE  décalage et aller à l'état 15
    FOR    décalage et aller à l'état 16
    TCC    décalage et aller à l'état 17
    '$'    décalage et aller à l'état 18

    $défaut  réduction par utilisation de la règle 11 (commandes)

    commandes    aller à l'état 134
    identifiant  aller à l'état 20
    commande     aller à l'état 21


État 124

   26 commande: FOR '{' identifiant TO '$' expression '$' . '}' '{' commandes '}'

    '}'  décalage et aller à l'état 135


État 125

   13 identifiant: '$' ID '_' '{' expression '}' LEFTARROW . expression '$'

    ID     décalage et aller à l'état 12
    INT    décalage et aller à l'état 46
    MINUS  décalage et aller à l'état 47
    '$'    décalage et aller à l'état 38
    '('    décalage et aller à l'état 48

    identifiant  aller à l'état 49
    expression   aller à l'état 136


État 126

   14 identifiant: '$' ID '_' '{' expression ',' expression . '}' LEFTARROW expression '$'
   29 expression: expression . PLUS expression
   30           | expression . MINUS expression
   32           | expression . MULT expression

    MULT   décalage et aller à l'état 69
    PLUS   décalage et aller à l'état 70
    MINUS  décalage et aller à l'état 71
    '}'    décalage et aller à l'état 137


État 127

   19 commande: '$' MBOX '{' PRINT '(' '$' expression . '$' ')' '}' '$' '\\' ';'
   29 expression: expression . PLUS expression
   30           | expression . MINUS expression
   32           | expression . MULT expression

    MULT   décalage et aller à l'état 69
    PLUS   décalage et aller à l'état 70
    MINUS  décalage et aller à l'état 71
    '$'    décalage et aller à l'état 138


État 128

   20 commande: '$' MBOX '{' PRINTTEXT '(' '$' STRING . '$' ')' '}' '$' '\\' ';'

    '$'  décalage et aller à l'état 139


État 129

   21 commande: '$' MBOX '{' PRINTLN '(' ')' '}' . '$' '\\' ';'

    '$'  décalage et aller à l'état 140


État 130

    8 variabledef: ID IN INTEGER '^' '{' . INT '}'
    9            | ID IN INTEGER '^' '{' . INT MULT INT '}'

    INT  décalage et aller à l'état 141


État 131

    7 variabledef: variabledef ',' ID IN INTEGER .

    $défaut  réduction par utilisation de la règle 7 (variabledef)


État 132

   23 commande: IF '{' '$' conditions '$' '}' '{' commandes . '}'

    '}'  décalage et aller à l'état 142


État 133

   24 commande: EIF '{' '$' conditions '$' '}' '{' commandes . '}' '{' commandes '}'

    '}'  décalage et aller à l'état 143


État 134

   25 commande: WHILE '{' '$' conditions '$' '}' '{' commandes . '}'

    '}'  décalage et aller à l'état 144


État 135

   26 commande: FOR '{' identifiant TO '$' expression '$' '}' . '{' commandes '}'

    '{'  décalage et aller à l'état 145


État 136

   13 identifiant: '$' ID '_' '{' expression '}' LEFTARROW expression . '$'
   29 expression: expression . PLUS expression
   30           | expression . MINUS expression
   32           | expression . MULT expression

    MULT   décalage et aller à l'état 69
    PLUS   décalage et aller à l'état 70
    MINUS  décalage et aller à l'état 71
    '$'    décalage et aller à l'état 146


État 137

   14 identifiant: '$' ID '_' '{' expression ',' expression '}' . LEFTARROW expression '$'

    LEFTARROW  décalage et aller à l'état 147


État 138

   19 commande: '$' MBOX '{' PRINT '(' '$' expression '$' . ')' '}' '$' '\\' ';'

    ')'  décalage et aller à l'état 148


État 139

   20 commande: '$' MBOX '{' PRINTTEXT '(' '$' STRING '$' . ')' '}' '$' '\\' ';'

    ')'  décalage et aller à l'état 149


État 140

   21 commande: '$' MBOX '{' PRINTLN '(' ')' '}' '$' . '\\' ';'

    '\\'  décalage et aller à l'état 150


État 141

    8 variabledef: ID IN INTEGER '^' '{' INT . '}'
    9            | ID IN INTEGER '^' '{' INT . MULT INT '}'

    MULT  décalage et aller à l'état 151
    '}'   décalage et aller à l'état 152


État 142

   23 commande: IF '{' '$' conditions '$' '}' '{' commandes '}' .

    $défaut  réduction par utilisation de la règle 23 (commande)


État 143

   24 commande: EIF '{' '$' conditions '$' '}' '{' commandes '}' . '{' commandes '}'

    '{'  décalage et aller à l'état 153


État 144

   25 commande: WHILE '{' '$' conditions '$' '}' '{' commandes '}' .

    $défaut  réduction par utilisation de la règle 25 (commande)


État 145

   26 commande: FOR '{' identifiant TO '$' expression '$' '}' '{' . commandes '}'

    ID     décalage et aller à l'état 12
    IF     décalage et aller à l'état 13
    EIF    décalage et aller à l'état 14
    WHILE  décalage et aller à l'état 15
    FOR    décalage et aller à l'état 16
    TCC    décalage et aller à l'état 17
    '$'    décalage et aller à l'état 18

    $défaut  réduction par utilisation de la règle 11 (commandes)

    commandes    aller à l'état 154
    identifiant  aller à l'état 20
    commande     aller à l'état 21


État 146

   13 identifiant: '$' ID '_' '{' expression '}' LEFTARROW expression '$' .

    $défaut  réduction par utilisation de la règle 13 (identifiant)


État 147

   14 identifiant: '$' ID '_' '{' expression ',' expression '}' LEFTARROW . expression '$'

    ID     décalage et aller à l'état 12
    INT    décalage et aller à l'état 46
    MINUS  décalage et aller à l'état 47
    '$'    décalage et aller à l'état 38
    '('    décalage et aller à l'état 48

    identifiant  aller à l'état 49
    expression   aller à l'état 155


État 148

   19 commande: '$' MBOX '{' PRINT '(' '$' expression '$' ')' . '}' '$' '\\' ';'

    '}'  décalage et aller à l'état 156


État 149

   20 commande: '$' MBOX '{' PRINTTEXT '(' '$' STRING '$' ')' . '}' '$' '\\' ';'

    '}'  décalage et aller à l'état 157


État 150

   21 commande: '$' MBOX '{' PRINTLN '(' ')' '}' '$' '\\' . ';'

    ';'  décalage et aller à l'état 158


État 151

    9 variabledef: ID IN INTEGER '^' '{' INT MULT . INT '}'

    INT  décalage et aller à l'état 159


État 152

    8 variabledef: ID IN INTEGER '^' '{' INT '}' .

    $défaut  réduction par utilisation de la règle 8 (variabledef)


État 153

   24 commande: EIF '{' '$' conditions '$' '}' '{' commandes '}' '{' . commandes '}'

    ID     décalage et aller à l'état 12
    IF     décalage et aller à l'état 13
    EIF    décalage et aller à l'état 14
    WHILE  décalage et aller à l'état 15
    FOR    décalage et aller à l'état 16
    TCC    décalage et aller à l'état 17
    '$'    décalage et aller à l'état 18

    $défaut  réduction par utilisation de la règle 11 (commandes)

    commandes    aller à l'état 160
    identifiant  aller à l'état 20
    commande     aller à l'état 21


État 154

   26 commande: FOR '{' identifiant TO '$' expression '$' '}' '{' commandes . '}'

    '}'  décalage et aller à l'état 161


État 155

   14 identifiant: '$' ID '_' '{' expression ',' expression '}' LEFTARROW expression . '$'
   29 expression: expression . PLUS expression
   30           | expression . MINUS expression
   32           | expression . MULT expression

    MULT   décalage et aller à l'état 69
    PLUS   décalage et aller à l'état 70
    MINUS  décalage et aller à l'état 71
    '$'    décalage et aller à l'état 162


État 156

   19 commande: '$' MBOX '{' PRINT '(' '$' expression '$' ')' '}' . '$' '\\' ';'

    '$'  décalage et aller à l'état 163


État 157

   20 commande: '$' MBOX '{' PRINTTEXT '(' '$' STRING '$' ')' '}' . '$' '\\' ';'

    '$'  décalage et aller à l'état 164


État 158

   21 commande: '$' MBOX '{' PRINTLN '(' ')' '}' '$' '\\' ';' .

    $défaut  réduction par utilisation de la règle 21 (commande)


État 159

    9 variabledef: ID IN INTEGER '^' '{' INT MULT INT . '}'

    '}'  décalage et aller à l'état 165


État 160

   24 commande: EIF '{' '$' conditions '$' '}' '{' commandes '}' '{' commandes . '}'

    '}'  décalage et aller à l'état 166


État 161

   26 commande: FOR '{' identifiant TO '$' expression '$' '}' '{' commandes '}' .

    $défaut  réduction par utilisation de la règle 26 (commande)


État 162

   14 identifiant: '$' ID '_' '{' expression ',' expression '}' LEFTARROW expression '$' .

    $défaut  réduction par utilisation de la règle 14 (identifiant)


État 163

   19 commande: '$' MBOX '{' PRINT '(' '$' expression '$' ')' '}' '$' . '\\' ';'

    '\\'  décalage et aller à l'état 167


État 164

   20 commande: '$' MBOX '{' PRINTTEXT '(' '$' STRING '$' ')' '}' '$' . '\\' ';'

    '\\'  décalage et aller à l'état 168


État 165

    9 variabledef: ID IN INTEGER '^' '{' INT MULT INT '}' .

    $défaut  réduction par utilisation de la règle 9 (variabledef)


État 166

   24 commande: EIF '{' '$' conditions '$' '}' '{' commandes '}' '{' commandes '}' .

    $défaut  réduction par utilisation de la règle 24 (commande)


État 167

   19 commande: '$' MBOX '{' PRINT '(' '$' expression '$' ')' '}' '$' '\\' . ';'

    ';'  décalage et aller à l'état 169


État 168

   20 commande: '$' MBOX '{' PRINTTEXT '(' '$' STRING '$' ')' '}' '$' '\\' . ';'

    ';'  décalage et aller à l'état 170


État 169

   19 commande: '$' MBOX '{' PRINT '(' '$' expression '$' ')' '}' '$' '\\' ';' .

    $défaut  réduction par utilisation de la règle 19 (commande)


État 170

   20 commande: '$' MBOX '{' PRINTTEXT '(' '$' STRING '$' ')' '}' '$' '\\' ';' .

    $défaut  réduction par utilisation de la règle 20 (commande)
